[02-Sep-2021 02:54:50 UTC] PHP Warning:  PHP Startup: Unable to load dynamic library 'oci8_12c' (tried: ext\oci8_12c (No se puede encontrar el módulo especificado), ext\php_oci8_12c.dll (No se puede encontrar el módulo especificado)) in Unknown on line 0
[02-Sep-2021 02:54:50 UTC] PHP Warning:  PHP Startup: Unable to load dynamic library 'pdo_firebird' (tried: ext\pdo_firebird (No se puede encontrar el módulo especificado), ext\php_pdo_firebird.dll (No se puede encontrar el módulo especificado)) in Unknown on line 0
[02-Sep-2021 02:54:50 UTC] PHP Warning:  PHP Startup: Unable to load dynamic library 'pdo_oci' (tried: ext\pdo_oci (No se puede encontrar el módulo especificado), ext\php_pdo_oci.dll (No se puede encontrar el módulo especificado)) in Unknown on line 0
[02-Sep-2021 02:55:24 UTC] PHP Warning:  PHP Startup: Unable to load dynamic library 'oci8_12c' (tried: ext\oci8_12c (No se puede encontrar el módulo especificado), ext\php_oci8_12c.dll (No se puede encontrar el módulo especificado)) in Unknown on line 0
[02-Sep-2021 02:55:24 UTC] PHP Warning:  PHP Startup: Unable to load dynamic library 'pdo_firebird' (tried: ext\pdo_firebird (No se puede encontrar el módulo especificado), ext\php_pdo_firebird.dll (No se puede encontrar el módulo especificado)) in Unknown on line 0
[02-Sep-2021 02:55:24 UTC] PHP Warning:  PHP Startup: Unable to load dynamic library 'pdo_oci' (tried: ext\pdo_oci (No se puede encontrar el módulo especificado), ext\php_pdo_oci.dll (No se puede encontrar el módulo especificado)) in Unknown on line 0
[02-Sep-2021 02:55:46 UTC] PHP Warning:  PHP Startup: Unable to load dynamic library 'oci8_12c' (tried: ext\oci8_12c (No se puede encontrar el módulo especificado), ext\php_oci8_12c.dll (No se puede encontrar el módulo especificado)) in Unknown on line 0
[02-Sep-2021 02:55:47 UTC] PHP Warning:  PHP Startup: Unable to load dynamic library 'pdo_firebird' (tried: ext\pdo_firebird (No se puede encontrar el módulo especificado), ext\php_pdo_firebird.dll (No se puede encontrar el módulo especificado)) in Unknown on line 0
[02-Sep-2021 02:55:47 UTC] PHP Warning:  PHP Startup: Unable to load dynamic library 'pdo_oci' (tried: ext\pdo_oci (No se puede encontrar el módulo especificado), ext\php_pdo_oci.dll (No se puede encontrar el módulo especificado)) in Unknown on line 0
[02-Sep-2021 02:58:21 UTC] PHP Warning:  PHP Startup: Unable to load dynamic library 'oci8_12c' (tried: ext\oci8_12c (No se puede encontrar el módulo especificado), ext\php_oci8_12c.dll (No se puede encontrar el módulo especificado)) in Unknown on line 0
[02-Sep-2021 02:58:21 UTC] PHP Warning:  PHP Startup: Unable to load dynamic library 'pdo_firebird' (tried: ext\pdo_firebird (No se puede encontrar el módulo especificado), ext\php_pdo_firebird.dll (No se puede encontrar el módulo especificado)) in Unknown on line 0
[02-Sep-2021 02:58:21 UTC] PHP Warning:  PHP Startup: Unable to load dynamic library 'pdo_oci' (tried: ext\pdo_oci (No se puede encontrar el módulo especificado), ext\php_pdo_oci.dll (No se puede encontrar el módulo especificado)) in Unknown on line 0
[02-Sep-2021 02:58:35 UTC] PHP Warning:  PHP Startup: Unable to load dynamic library 'oci8_12c' (tried: ext\oci8_12c (No se puede encontrar el módulo especificado), ext\php_oci8_12c.dll (No se puede encontrar el módulo especificado)) in Unknown on line 0
[02-Sep-2021 02:58:35 UTC] PHP Warning:  PHP Startup: Unable to load dynamic library 'pdo_firebird' (tried: ext\pdo_firebird (No se puede encontrar el módulo especificado), ext\php_pdo_firebird.dll (No se puede encontrar el módulo especificado)) in Unknown on line 0
[02-Sep-2021 02:58:35 UTC] PHP Warning:  PHP Startup: Unable to load dynamic library 'pdo_oci' (tried: ext\pdo_oci (No se puede encontrar el módulo especificado), ext\php_pdo_oci.dll (No se puede encontrar el módulo especificado)) in Unknown on line 0
[02-Sep-2021 03:01:12 UTC] PHP Warning:  PHP Startup: Unable to load dynamic library 'oci8_12c' (tried: ext\oci8_12c (No se puede encontrar el módulo especificado), ext\php_oci8_12c.dll (No se puede encontrar el módulo especificado)) in Unknown on line 0
[02-Sep-2021 03:01:12 UTC] PHP Warning:  PHP Startup: Unable to load dynamic library 'pdo_firebird' (tried: ext\pdo_firebird (No se puede encontrar el módulo especificado), ext\php_pdo_firebird.dll (No se puede encontrar el módulo especificado)) in Unknown on line 0
[02-Sep-2021 03:01:12 UTC] PHP Warning:  PHP Startup: Unable to load dynamic library 'pdo_oci' (tried: ext\pdo_oci (No se puede encontrar el módulo especificado), ext\php_pdo_oci.dll (No se puede encontrar el módulo especificado)) in Unknown on line 0
[02-Sep-2021 03:01:54 UTC] PHP Warning:  PHP Startup: Unable to load dynamic library 'oci8_12c' (tried: ext\oci8_12c (No se puede encontrar el módulo especificado), ext\php_oci8_12c.dll (No se puede encontrar el módulo especificado)) in Unknown on line 0
[02-Sep-2021 03:01:54 UTC] PHP Warning:  PHP Startup: Unable to load dynamic library 'pdo_firebird' (tried: ext\pdo_firebird (No se puede encontrar el módulo especificado), ext\php_pdo_firebird.dll (No se puede encontrar el módulo especificado)) in Unknown on line 0
[02-Sep-2021 03:01:54 UTC] PHP Warning:  PHP Startup: Unable to load dynamic library 'pdo_oci' (tried: ext\pdo_oci (No se puede encontrar el módulo especificado), ext\php_pdo_oci.dll (No se puede encontrar el módulo especificado)) in Unknown on line 0
[02-Sep-2021 03:02:17 UTC] PHP Warning:  PHP Startup: Unable to load dynamic library 'oci8_12c' (tried: ext\oci8_12c (No se puede encontrar el módulo especificado), ext\php_oci8_12c.dll (No se puede encontrar el módulo especificado)) in Unknown on line 0
[02-Sep-2021 03:02:17 UTC] PHP Warning:  PHP Startup: Unable to load dynamic library 'pdo_firebird' (tried: ext\pdo_firebird (No se puede encontrar el módulo especificado), ext\php_pdo_firebird.dll (No se puede encontrar el módulo especificado)) in Unknown on line 0
[02-Sep-2021 03:02:17 UTC] PHP Warning:  PHP Startup: Unable to load dynamic library 'pdo_oci' (tried: ext\pdo_oci (No se puede encontrar el módulo especificado), ext\php_pdo_oci.dll (No se puede encontrar el módulo especificado)) in Unknown on line 0
[02-Sep-2021 03:04:06 UTC] PHP Warning:  PHP Startup: Unable to load dynamic library 'oci8_12c' (tried: ext\oci8_12c (No se puede encontrar el módulo especificado), ext\php_oci8_12c.dll (No se puede encontrar el módulo especificado)) in Unknown on line 0
[02-Sep-2021 03:04:06 UTC] PHP Warning:  PHP Startup: Unable to load dynamic library 'pdo_firebird' (tried: ext\pdo_firebird (No se puede encontrar el módulo especificado), ext\php_pdo_firebird.dll (No se puede encontrar el módulo especificado)) in Unknown on line 0
[02-Sep-2021 03:04:06 UTC] PHP Warning:  PHP Startup: Unable to load dynamic library 'pdo_oci' (tried: ext\pdo_oci (No se puede encontrar el módulo especificado), ext\php_pdo_oci.dll (No se puede encontrar el módulo especificado)) in Unknown on line 0
[02-Sep-2021 03:05:28 UTC] PHP Warning:  PHP Startup: Unable to load dynamic library 'oci8_12c' (tried: ext\oci8_12c (No se puede encontrar el módulo especificado), ext\php_oci8_12c.dll (No se puede encontrar el módulo especificado)) in Unknown on line 0
[02-Sep-2021 03:05:28 UTC] PHP Warning:  PHP Startup: Unable to load dynamic library 'pdo_firebird' (tried: ext\pdo_firebird (No se puede encontrar el módulo especificado), ext\php_pdo_firebird.dll (No se puede encontrar el módulo especificado)) in Unknown on line 0
[02-Sep-2021 03:05:28 UTC] PHP Warning:  PHP Startup: Unable to load dynamic library 'pdo_oci' (tried: ext\pdo_oci (No se puede encontrar el módulo especificado), ext\php_pdo_oci.dll (No se puede encontrar el módulo especificado)) in Unknown on line 0
[02-Sep-2021 03:06:28 UTC] PHP Warning:  PHP Startup: Unable to load dynamic library 'oci8_12c' (tried: ext\oci8_12c (No se puede encontrar el módulo especificado), ext\php_oci8_12c.dll (No se puede encontrar el módulo especificado)) in Unknown on line 0
[02-Sep-2021 03:06:28 UTC] PHP Warning:  PHP Startup: Unable to load dynamic library 'pdo_firebird' (tried: ext\pdo_firebird (No se puede encontrar el módulo especificado), ext\php_pdo_firebird.dll (No se puede encontrar el módulo especificado)) in Unknown on line 0
[02-Sep-2021 03:06:28 UTC] PHP Warning:  PHP Startup: Unable to load dynamic library 'pdo_oci' (tried: ext\pdo_oci (No se puede encontrar el módulo especificado), ext\php_pdo_oci.dll (No se puede encontrar el módulo especificado)) in Unknown on line 0
[02-Sep-2021 03:07:36 UTC] PHP Warning:  PHP Startup: Unable to load dynamic library 'oci8_12c' (tried: ext\oci8_12c (No se puede encontrar el módulo especificado), ext\php_oci8_12c.dll (No se puede encontrar el módulo especificado)) in Unknown on line 0
[02-Sep-2021 03:07:36 UTC] PHP Warning:  PHP Startup: Unable to load dynamic library 'pdo_firebird' (tried: ext\pdo_firebird (No se puede encontrar el módulo especificado), ext\php_pdo_firebird.dll (No se puede encontrar el módulo especificado)) in Unknown on line 0
[02-Sep-2021 03:07:36 UTC] PHP Warning:  PHP Startup: Unable to load dynamic library 'pdo_oci' (tried: ext\pdo_oci (No se puede encontrar el módulo especificado), ext\php_pdo_oci.dll (No se puede encontrar el módulo especificado)) in Unknown on line 0
[02-Sep-2021 15:54:57 UTC] PHP Warning:  PHP Startup: Unable to load dynamic library 'oci8_12c' (tried: ext\oci8_12c (No se puede encontrar el módulo especificado), ext\php_oci8_12c.dll (No se puede encontrar el módulo especificado)) in Unknown on line 0
[02-Sep-2021 15:54:57 UTC] PHP Warning:  PHP Startup: Unable to load dynamic library 'pdo_firebird' (tried: ext\pdo_firebird (No se puede encontrar el módulo especificado), ext\php_pdo_firebird.dll (No se puede encontrar el módulo especificado)) in Unknown on line 0
[02-Sep-2021 15:54:57 UTC] PHP Warning:  PHP Startup: Unable to load dynamic library 'pdo_oci' (tried: ext\pdo_oci (No se puede encontrar el módulo especificado), ext\php_pdo_oci.dll (No se puede encontrar el módulo especificado)) in Unknown on line 0
[02-Sep-2021 15:54:58 UTC] PHP Warning:  PHP Startup: mongodb: Unable to initialize module
Module compiled with build ID=API20200930,TS,VS16
PHP    compiled with build ID=API20200930,NTS,VS16
These options need to match
 in Unknown on line 0
